[ERROR Oct 29 15:47:29.754001100, defaults.go:149] Could not load configuration: Failed to load configuration.

Stacktrace: D:/a/cli/cli/internal/logging/logging.go:github.com/ActiveState/cli/internal/logging.Error:258
D:/a/cli/cli/internal/logging/defaults.go:github.com/ActiveState/cli/internal/logging.init.0:149
C:/hostedtoolcache/windows/go/1.15.11/x64/src/runtime/proc.go:runtime.doInit:5652
C:/hostedtoolcache/windows/go/1.15.11/x64/src/runtime/proc.go:runtime.doInit:5647
C:/hostedtoolcache/windows/go/1.15.11/x64/src/runtime/proc.go:runtime.doInit:5647
C:/hostedtoolcache/windows/go/1.15.11/x64/src/runtime/proc.go:runtime.main:191
C:/hostedtoolcache/windows/go/1.15.11/x64/src/runtime/asm_amd64.s:runtime.goexit:1374

[DEBUG Oct 29 15:47:30.194085100, defaults.go:178] Args: [C:\Users\ibrah\AppData\Roaming\ActiveState\bin\state.exe show --output editor]
[DEBUG Oct 29 15:47:30.362228400, locale.go:34] Init
[DEBUG Oct 29 15:47:40.571141200, secrets.go:35] Gcloud Secretmanager failed to initialize (ignore if you're not trying to use gcloud): google: could not find default credentials. See https://developers.google.com/accounts/docs/application-default-credentials for more information.
[DEBUG Oct 29 15:47:43.071210800, output.go:52] Requested outputer for editor
[DEBUG Oct 29 15:47:43.071210800, output.go:69] Using Editor outputer
[DEBUG Oct 29 15:47:43.071793400, main.go:119] ConfigPath: C:\Users\ibrah\AppData\Roaming\activestate\cli-release
[DEBUG Oct 29 15:47:43.072807300, main.go:120] CachePath: C:\Users\ibrah\AppData\Local\activestate
[DEBUG Oct 29 15:47:43.530204900, subshell.go:103] Detected SHELL: cmd
[DEBUG Oct 29 15:47:43.530204900, subshell.go:135] Using binary: C:\Windows\System32\cmd.exe
[DEBUG Oct 29 15:47:43.701447200, secrets.go:61] secrets-api scheme=https host=platform.activestate.com base_path=/api/secrets/v1
[DEBUG Oct 29 15:47:44.726904500, secrets.go:61] secrets-api scheme=https host=platform.activestate.com base_path=/api/secrets/v1
[DEBUG Oct 29 15:47:44.751615700, check.go:35] Checking for updates.
[DEBUG Oct 29 15:47:44.751615700, updater.go:270] Fetching update URL: https://state-tool.s3.amazonaws.com/update/state/release/windows-amd64.json
[DEBUG Oct 29 15:47:45.994637400, check.go:53] Automatically checking for updates timed out
